<?xml version="1.0" encoding="UTF-8"?>
<testsuite xmlns:xsi="http://www.w3.org/2001/XMLSchema-instance" xsi:noNamespaceSchemaLocation="https://maven.apache.org/surefire/maven-surefire-plugin/xsd/surefire-test-report.xsd" version="3.0.2" name="com.dentalclinic.dentalclinic.DentalClinicApplicationTests" time="1.858" tests="1" errors="0" skipped="0" failures="0">
  <properties>
[...]
</properties>
  <testcase name="contextLoads" classname="com.dentalclinic.dentalclinic.DentalClinicApplicationTests" time="0.305">
    <system-out><![CDATA[11:39:57.174 [main] INFO org.springframework.test.context.support.AnnotationConfigContextLoaderUtils -- Could not detect default configuration classes for test class [com.dentalclinic.dentalclinic.DentalClinicApplicationTests]: DentalClinicApplicationTests does not declare any static, non-private, non-final, nested classes annotated with @Configuration.
11:39:57.221 [main] INFO org.springframework.boot.test.context.SpringBootTestContextBootstrapper -- Found @SpringBootConfiguration com.dentalclinic.DentalClinicApplication for test class com.dentalclinic.dentalclinic.DentalClinicApplicationTests
11:39:57.273 [main] INFO org.springframework.boot.devtools.restart.RestartApplicationListener -- Restart disabled due to context in which it is running

  .   ____          _            __ _ _
 /\\ / ___'_ __ _ _(_)_ __  __ _ \ \ \ \
( ( )\___ | '_ | '_| | '_ \/ _` | \ \ \ \
 \\/  ___)| |_)| | | | | || (_| |  ) ) ) )
  '  |____| .__|_| |_|_| |_\__, | / / / /
 =========|_|==============|___/=/_/_/_/

 :: Spring Boot ::                (v3.4.4)

2025-04-17T11:39:57.376-04:00  INFO 98002 --- [DentalClinic] [           main] c.d.d.DentalClinicApplicationTests       : Starting DentalClinicApplicationTests using Java 24 with PID 98002 (started by ziyifelixwang in /Users/ziyifelixwang/Documents/GitHub/CS5200WangZZangG/Backend)
2025-04-17T11:39:57.376-04:00  INFO 98002 --- [DentalClinic] [           main] c.d.d.DentalClinicApplicationTests       : No active profile set, falling back to 1 default profile: "default"
2025-04-17T11:39:57.647-04:00  INFO 98002 --- [DentalClinic] [           main] .s.d.r.c.RepositoryConfigurationDelegate : Multiple Spring Data modules found, entering strict repository configuration mode
2025-04-17T11:39:57.647-04:00  INFO 98002 --- [DentalClinic] [           main] .s.d.r.c.RepositoryConfigurationDelegate : Bootstrapping Spring Data JDBC repositories in DEFAULT mode.
2025-04-17T11:39:57.658-04:00  INFO 98002 --- [DentalClinic] [           main] .s.d.r.c.RepositoryConfigurationDelegate : Finished Spring Data repository scanning in 7 ms. Found 0 JDBC repository interfaces.
2025-04-17T11:39:57.663-04:00  INFO 98002 --- [DentalClinic] [           main] .s.d.r.c.RepositoryConfigurationDelegate : Multiple Spring Data modules found, entering strict repository configuration mode
2025-04-17T11:39:57.663-04:00  INFO 98002 --- [DentalClinic] [           main] .s.d.r.c.RepositoryConfigurationDelegate : Bootstrapping Spring Data JPA repositories in DEFAULT mode.
2025-04-17T11:39:57.672-04:00  INFO 98002 --- [DentalClinic] [           main] .s.d.r.c.RepositoryConfigurationDelegate : Finished Spring Data repository scanning in 2 ms. Found 0 JPA repository interfaces.
2025-04-17T11:39:57.818-04:00  INFO 98002 --- [DentalClinic] [           main] com.zaxxer.hikari.HikariDataSource       : HikariPool-1 - Starting...
2025-04-17T11:39:57.990-04:00  INFO 98002 --- [DentalClinic] [           main] com.zaxxer.hikari.pool.HikariPool        : HikariPool-1 - Added connection com.mysql.cj.jdbc.ConnectionImpl@563ccd31
2025-04-17T11:39:57.991-04:00  INFO 98002 --- [DentalClinic] [           main] com.zaxxer.hikari.HikariDataSource       : HikariPool-1 - Start completed.
2025-04-17T11:39:58.031-04:00  INFO 98002 --- [DentalClinic] [           main] o.hibernate.jpa.internal.util.LogHelper  : HHH000204: Processing PersistenceUnitInfo [name: default]
2025-04-17T11:39:58.046-04:00  INFO 98002 --- [DentalClinic] [           main] org.hibernate.Version                    : HHH000412: Hibernate ORM core version 6.6.11.Final
2025-04-17T11:39:58.057-04:00  INFO 98002 --- [DentalClinic] [           main] o.h.c.internal.RegionFactoryInitiator    : HHH000026: Second-level cache disabled
2025-04-17T11:39:58.146-04:00  INFO 98002 --- [DentalClinic] [           main] o.s.o.j.p.SpringPersistenceUnitInfo      : No LoadTimeWeaver setup: ignoring JPA class transformer
2025-04-17T11:39:58.180-04:00  INFO 98002 --- [DentalClinic] [           main] org.hibernate.orm.connections.pooling    : HHH10001005: Database info:
	Database JDBC URL [Connecting through datasource 'HikariDataSource (HikariPool-1)']
	Database driver: undefined/unknown
	Database version: 9.2
	Autocommit mode: undefined/unknown
	Isolation level: undefined/unknown
	Minimum pool size: undefined/unknown
	Maximum pool size: undefined/unknown
2025-04-17T11:39:58.285-04:00  INFO 98002 --- [DentalClinic] [           main] o.h.e.t.j.p.i.JtaPlatformInitiator       : HHH000489: No JTA platform available (set 'hibernate.transaction.jta.platform' to enable JTA platform integration)
2025-04-17T11:39:58.287-04:00  INFO 98002 --- [DentalClinic] [           main] j.LocalContainerEntityManagerFactoryBean : Initialized JPA EntityManagerFactory for persistence unit 'default'
2025-04-17T11:39:58.412-04:00  WARN 98002 --- [DentalClinic] [           main] JpaBaseConfiguration$JpaWebConfiguration : spring.jpa.open-in-view is enabled by default. Therefore, database queries may be performed during view rendering. Explicitly configure spring.jpa.open-in-view to disable this warning
2025-04-17T11:39:58.647-04:00  INFO 98002 --- [DentalClinic] [           main] .w.s.a.s.AnnotationActionEndpointMapping : Supporting [WS-Addressing August 2004, WS-Addressing 1.0]
2025-04-17T11:39:58.665-04:00  INFO 98002 --- [DentalClinic] [           main] c.d.d.DentalClinicApplicationTests       : Started DentalClinicApplicationTests in 1.395 seconds (process running for 1.747)
]]></system-out>
    <system-err><![CDATA[Mockito is currently self-attaching to enable the inline-mock-maker. This will no longer work in future releases of the JDK. Please add Mockito as an agent to your build what is described in Mockito's documentation: https://javadoc.io/doc/org.mockito/mockito-core/latest/org/mockito/Mockito.html#0.3
WARNING: A Java agent has been loaded dynamically (/Users/ziyifelixwang/.m2/repository/net/bytebuddy/byte-buddy-agent/1.15.11/byte-buddy-agent-1.15.11.jar)
WARNING: If a serviceability tool is in use, please run with -XX:+EnableDynamicAgentLoading to hide this warning
WARNING: If a serviceability tool is not in use, please run with -Djdk.instrument.traceUsage for more information
WARNING: Dynamic loading of agents will be disallowed by default in a future release
]]></system-err>
  </testcase>
</testsuite>